<?xml version="1.0" encoding="UTF-8"?>
<!-- Generated by org.testng.reporters.JUnitXMLReporter -->
<testsuite ignored="0" hostname="HP-PC" failures="0" tests="2" name="Command line test" time="31.912" errors="0" timestamp="2022-12-17T13:52:32 IST">
  <testcase classname="neOStoxTest.ValidateUserNameAndFundsusingPropertyTest" name="getFunds" time="1.137"/>
  <testcase classname="neOStoxTest.ValidateUserNameAndFundsusingPropertyTest" name="validateUserName" time="1.045"/>
</testsuite> <!-- Command line test -->
